<?xml version="1.0" encoding="UTF-8"?>
<!-- Generated by org.testng.reporters.JUnitXMLReporter -->
<testsuite ignored="0" hostname="SOMYAPC" failures="0" tests="1" name="Test2" time="0.105" errors="0" timestamp="2024-09-24T15:42:04 IST">
  <testcase classname="Generic_utility.BaseClass" name="@BeforeClass BC" time="-1.72717272409E9">
    <failure type="org.testng.TestNGException" message="
Parameter &amp;apos;BROWSER&amp;apos; is required by BeforeClass on method BC but has not been marked @Optional or defined
in C:\Users\somya\eclipse-workspace\AdvanceSeleniumFramework\Readlngtestng.xml">
      <![CDATA[org.testng.TestNGException: 
Parameter 'BROWSER' is required by BeforeClass on method BC but has not been marked @Optional or defined
in C:\Users\somya\eclipse-workspace\AdvanceSeleniumFramework\Readlngtestng.xml
at java.base/java.util.ArrayList.forEach(ArrayList.java:1511)
at java.base/java.util.concurrent.FutureTask.run(FutureTask.java:264)
at java.base/java.util.concurrent.ThreadPoolExecutor.runWorker(ThreadPoolExecutor.java:1136)
at java.base/java.util.concurrent.ThreadPoolExecutor$Worker.run(ThreadPoolExecutor.java:635)
at java.base/java.lang.Thread.run(Thread.java:840)
... Removed 13 stack frames]]>
    </failure>
  </testcase> <!-- @BeforeClass BC -->
  <testcase classname="Generic_utility.BaseClass" name="@BeforeClass BC" time="-1.72717272409E9">
    <failure type="org.testng.TestNGException" message="
Parameter &amp;apos;BROWSER&amp;apos; is required by BeforeClass on method BC but has not been marked @Optional or defined
in C:\Users\somya\eclipse-workspace\AdvanceSeleniumFramework\Readlngtestng.xml">
      <![CDATA[org.testng.TestNGException: 
Parameter 'BROWSER' is required by BeforeClass on method BC but has not been marked @Optional or defined
in C:\Users\somya\eclipse-workspace\AdvanceSeleniumFramework\Readlngtestng.xml
at java.base/java.util.ArrayList.forEach(ArrayList.java:1511)
at java.base/java.util.concurrent.FutureTask.run(FutureTask.java:264)
at java.base/java.util.concurrent.ThreadPoolExecutor.runWorker(ThreadPoolExecutor.java:1136)
at java.base/java.util.concurrent.ThreadPoolExecutor$Worker.run(ThreadPoolExecutor.java:635)
at java.base/java.lang.Thread.run(Thread.java:840)
... Removed 13 stack frames]]>
    </failure>
  </testcase> <!-- @BeforeClass BC -->
  <testcase classname="Generic_utility.BaseClass" name="@BeforeMethod BM" time="-1.727172724124E9">
    <skipped/>
  </testcase> <!-- @BeforeMethod BM -->
  <testcase classname="Generic_utility.BaseClass" name="@BeforeMethod BM" time="-1.727172724123E9">
    <skipped/>
  </testcase> <!-- @BeforeMethod BM -->
  <testcase classname="Generic_utility.BaseClass" name="@AfterMethod AM" time="-1.727172724149E9">
    <skipped/>
  </testcase> <!-- @AfterMethod AM -->
  <testcase classname="Generic_utility.BaseClass" name="@AfterClass AC" time="-1.727172724155E9">
    <skipped/>
  </testcase> <!-- @AfterClass AC -->
  <testcase classname="Generic_utility.BaseClass" name="@AfterMethod AM" time="-1.727172724162E9">
    <skipped/>
  </testcase> <!-- @AfterMethod AM -->
  <testcase classname="Generic_utility.BaseClass" name="@AfterClass AC" time="-1.727172724167E9">
    <skipped/>
  </testcase> <!-- @AfterClass AC -->
  <testcase classname="organisation.CreateProductAndDeleteProductTest" name="createProductAndDeleteProductTest" time="0.0">
    <skipped/>
  </testcase> <!-- createProductAndDeleteProductTest -->
</testsuite> <!-- Test2 -->
